17:01:25 INFO  : Registering command handlers for SDK TCF services
17:01:26 INFO  : Launching XSCT server: xsct.bat -interactive C:\Programming\PESC_FPGA\L2_Ph3_L2_Ph3\L2_Ph3_L2_Ph3.sdk\temp_xsdb_launch_script.tcl
17:01:29 INFO  : XSCT server has started successfully.
17:01:29 INFO  : Successfully done setting XSCT server connection channel  
17:01:29 INFO  : Successfully done setting SDK workspace  
17:01:29 INFO  : Restoring global repository preferences: 
		 C:\Programming\PESC_CPP_LIB\Firmware_general\src
		 C:\Programming\PESC_CPP_LIB\Firmware_general\include
		 C:\Programming\PESC_CPP_LIB\Modulators\src
		 C:\Programming\PESC_CPP_LIB\Modulators\include
		 C:\Programming\SINTEF_IP
		 C:\Programming\TSW_SW\include
17:01:30 INFO  : Processing command line option -hwspec C:/Programming/PESC_FPGA/L2_Ph3_L2_Ph3/L2_Ph3_L2_Ph3.sdk/design_1_wrapper.hdf.
17:05:36 INFO  : SDK has detected change in the last modified timestamps for source hardware specification file Source:1589205392591,  Project:1589194141848
17:05:36 INFO  : Project design_1_wrapper_hw_platform_0's source hardware specification located at C:/Programming/PESC_FPGA/L2_Ph3_L2_Ph3/L2_Ph3_L2_Ph3.sdk/design_1_wrapper.hdf is now different from the local copy.
		 The local copy will be replaced with the source specification and your workspace will be updated.
17:05:42 INFO  : Copied contents of C:/Programming/PESC_FPGA/L2_Ph3_L2_Ph3/L2_Ph3_L2_Ph3.sdk/design_1_wrapper.hdf into \design_1_wrapper_hw_platform_0\system.hdf.
17:05:46 INFO  : Synchronizing projects in the workspace with the hardware platform specification changes.
17:05:49 INFO  : Clearing existing target manager status.
17:05:49 INFO  : Workspace synchronized with the new hardware specification file. Cleaning dependent projects...
17:05:49 WARN  : Linker script will not be updated automatically. Users need to update it manually.
18:54:30 INFO  : Registering command handlers for SDK TCF services
18:54:31 INFO  : Launching XSCT server: xsct.bat -interactive C:\Programming\PESC_FPGA\L2_Ph3_L2_Ph3\L2_Ph3_L2_Ph3.sdk\temp_xsdb_launch_script.tcl
18:54:38 INFO  : XSCT server has started successfully.
18:54:39 INFO  : Successfully done setting XSCT server connection channel  
18:54:39 INFO  : Successfully done setting SDK workspace  
18:54:39 INFO  : Restoring global repository preferences: 
		 C:\Programming\PESC_CPP_LIB\Firmware_general\src
		 C:\Programming\PESC_CPP_LIB\Firmware_general\include
		 C:\Programming\PESC_CPP_LIB\Modulators\src
		 C:\Programming\PESC_CPP_LIB\Modulators\include
		 C:\Programming\SINTEF_IP
		 C:\Programming\TSW_SW\include
18:54:39 INFO  : Processing command line option -hwspec C:/Programming/PESC_FPGA/L2_Ph3_L2_Ph3/L2_Ph3_L2_Ph3.sdk/design_1_wrapper.hdf.
18:54:39 INFO  : Checking for hwspec changes in the project design_1_wrapper_hw_platform_0.
18:54:51 INFO  : SDK has detected change in the last modified timestamps for source hardware specification file Source:1592497604958,  Project:1589205392591
18:54:51 INFO  : The hardware specification for project 'design_1_wrapper_hw_platform_0' is different from C:/Programming/PESC_FPGA/L2_Ph3_L2_Ph3/L2_Ph3_L2_Ph3.sdk/design_1_wrapper.hdf.
18:54:55 INFO  : Copied contents of C:/Programming/PESC_FPGA/L2_Ph3_L2_Ph3/L2_Ph3_L2_Ph3.sdk/design_1_wrapper.hdf into \design_1_wrapper_hw_platform_0\system.hdf.
18:56:19 INFO  : Synchronizing projects in the workspace with the hardware platform specification changes.
18:56:37 INFO  : Clearing existing target manager status.
18:56:37 INFO  : Workspace synchronized with the new hardware specification file. Cleaning dependent projects...
18:56:37 WARN  : Linker script will not be updated automatically. Users need to update it manually.
00:30:49 INFO  : Registering command handlers for SDK TCF services
00:30:51 INFO  : Launching XSCT server: xsct.bat -interactive C:\Programming\PESC_FPGA\L2_Ph3_L2_Ph3\L2_Ph3_L2_Ph3.sdk\temp_xsdb_launch_script.tcl
00:30:57 INFO  : XSCT server has started successfully.
00:30:57 INFO  : Successfully done setting XSCT server connection channel  
00:30:57 INFO  : Successfully done setting SDK workspace  
00:30:57 INFO  : Restoring global repository preferences: 
		 C:\Programming\PESC_IP\SYSGEN_IP
		 C:\Programming\PESC_CPP_LIB\Firmware_general\src
		 C:\Programming\PESC_CPP_LIB\Firmware_general\include
		 C:\Programming\PESC_CPP_LIB\Modulators\src
		 C:\Programming\PESC_CPP_LIB\Modulators\include
		 C:\Programming\SINTEF_IP
		 C:\Programming\TSW_SW\include
00:30:57 ERROR : (XSDB Server)ERROR: [Hsi 55-1580] This sysgen is not valid driver as it doesn't contain data folder

00:30:57 ERROR : (XSDB Server)ERROR: [Hsi 55-1580] This sysgen is not valid driver as it doesn't contain data folder
ERROR: [Hsi 55-1580] This sysgen is not valid driver as it doesn't contain data folder
ERROR: [Hsi 55-1580] This sysgen is not valid driver as it doesn't contain data folder

00:30:57 INFO  : Processing command line option -hwspec C:/Programming/PESC_FPGA/L2_Ph3_L2_Ph3/L2_Ph3_L2_Ph3.sdk/design_1_wrapper.hdf.
00:33:35 INFO  : Refreshed build settings on project IM_Drive
