#-----------------------------------------------------------
# Webtalk v2019.1 (64-bit)
# SW Build 2552052 on Fri May 24 14:49:42 MDT 2019
# 
# Start of session at: Fri Jun 19 00:43:29 2020
# Process ID: 3580
# Current directory: C:/Programming/PESC_FPGA/L2_Ph3_L2_Ph3/L2_Ph3_L2_Ph3.sdk/webtalk
# Command line: wbtcv.exe -mode batch -source sdk_webtalk.tcl
# Log file: C:/Programming/PESC_FPGA/L2_Ph3_L2_Ph3/L2_Ph3_L2_Ph3.sdk/webtalk/webtalk.log
# Journal file: C:/Programming/PESC_FPGA/L2_Ph3_L2_Ph3/L2_Ph3_L2_Ph3.sdk/webtalk\webtalk.jou
#-----------------------------------------------------------
source sdk_webtalk.tcl
# webtalk_init -webtalk_dir C:\\Programming\\PESC_FPGA\\L2_Ph3_L2_Ph3\\L2_Ph3_L2_Ph3.sdk\\webtalk
# webtalk_register_client -client project
# webtalk_add_data -client project -key date_generated -value "2020-06-19 00:43:26" -context "software_version_and_target_device"
# webtalk_add_data -client project -key product_version -value "SDK v2019.1" -context "software_version_and_target_device"
# webtalk_add_data -client project -key build_version -value "2019.1" -context "software_version_and_target_device"
# webtalk_add_data -client project -key os_platform -value "amd64" -context "software_version_and_target_device"
# webtalk_add_data -client project -key registration_id -value "209875111_209874231_210634734_141" -context "software_version_and_target_device"
# webtalk_add_data -client project -key tool_flow -value "SDK" -context "software_version_and_target_device"
# webtalk_add_data -client project -key beta -value "false" -context "software_version_and_target_device"
# webtalk_add_data -client project -key route_design -value "NA" -context "software_version_and_target_device"
# webtalk_add_data -client project -key target_family -value "NA" -context "software_version_and_target_device"
# webtalk_add_data -client project -key target_device -value "NA" -context "software_version_and_target_device"
# webtalk_add_data -client project -key target_package -value "NA" -context "software_version_and_target_device"
# webtalk_add_data -client project -key target_speed -value "NA" -context "software_version_and_target_device"
# webtalk_add_data -client project -key random_id -value "v1pso7184ms9ngd8iu3iuon1qb" -context "software_version_and_target_device"
# webtalk_add_data -client project -key project_id -value "2019.1_16" -context "software_version_and_target_device"
# webtalk_add_data -client project -key project_iteration -value "16" -context "software_version_and_target_device"
# webtalk_add_data -client project -key os_name -value "Microsoft Windows 8 or later , 64-bit" -context "user_environment"
# webtalk_add_data -client project -key os_release -value "major release  (build 9200)" -context "user_environment"
# webtalk_add_data -client project -key cpu_name -value "Intel(R) Core(TM) i7-7600U CPU @ 2.80GHz" -context "user_environment"
# webtalk_add_data -client project -key cpu_speed -value "2904 MHz" -context "user_environment"
# webtalk_add_data -client project -key total_processors -value "1" -context "user_environment"
# webtalk_add_data -client project -key system_ram -value "17.059 GB" -context "user_environment"
# webtalk_register_client -client sdk
# webtalk_add_data -client sdk -key uid -value "1592519464005" -context "sdk\\\\hardware/1592519464005"
# webtalk_add_data -client sdk -key isZynq -value "true" -context "sdk\\\\hardware/1592519464005"
# webtalk_add_data -client sdk -key isZynqMP -value "false" -context "sdk\\\\hardware/1592519464005"
# webtalk_add_data -client sdk -key Processors -value "2" -context "sdk\\\\hardware/1592519464005"
# webtalk_add_data -client sdk -key VivadoVersion -value "2019.1" -context "sdk\\\\hardware/1592519464005"
# webtalk_add_data -client sdk -key Arch -value "zynq" -context "sdk\\\\hardware/1592519464005"
# webtalk_add_data -client sdk -key Device -value "7z030" -context "sdk\\\\hardware/1592519464005"
# webtalk_add_data -client sdk -key IsHandoff -value "true" -context "sdk\\\\hardware/1592519464005"
# webtalk_add_data -client sdk -key os -value "NA" -context "sdk\\\\hardware/1592519464005"
# webtalk_add_data -client sdk -key apptemplate -value "NA" -context "sdk\\\\hardware/1592519464005"
# webtalk_add_data -client sdk -key RecordType -value "HWCreation" -context "sdk\\\\hardware/1592519464005"
# webtalk_add_data -client sdk -key uid -value "1592519583185" -context "sdk\\\\bsp/1592519583185"
# webtalk_add_data -client sdk -key hwid -value "1592519464005" -context "sdk\\\\bsp/1592519583185"
# webtalk_add_data -client sdk -key os -value "standalone" -context "sdk\\\\bsp/1592519583185"
# webtalk_add_data -client sdk -key apptemplate -value "null" -context "sdk\\\\bsp/1592519583185"
# webtalk_add_data -client sdk -key RecordType -value "BSPCreation" -context "sdk\\\\bsp/1592519583185"
# webtalk_add_data -client sdk -key uid -value "NA" -context "sdk\\\\bsp/1592520206194"
# webtalk_add_data -client sdk -key RecordType -value "ToolUsage" -context "sdk\\\\bsp/1592520206194"
# webtalk_add_data -client sdk -key BootgenCount -value "0" -context "sdk\\\\bsp/1592520206194"
# webtalk_add_data -client sdk -key DebugCount -value "0" -context "sdk\\\\bsp/1592520206194"
# webtalk_add_data -client sdk -key PerfCount -value "0" -context "sdk\\\\bsp/1592520206194"
# webtalk_add_data -client sdk -key FlashCount -value "0" -context "sdk\\\\bsp/1592520206194"
# webtalk_add_data -client sdk -key CrossTriggCount -value "0" -context "sdk\\\\bsp/1592520206194"
# webtalk_add_data -client sdk -key QemuDebugCount -value "0" -context "sdk\\\\bsp/1592520206194"
# webtalk_transmit -clientid 730191239 -regid "209875111_209874231_210634734_141" -xml C:\\Programming\\PESC_FPGA\\L2_Ph3_L2_Ph3\\L2_Ph3_L2_Ph3.sdk\\webtalk\\usage_statistics_ext_sdk.xml -html C:\\Programming\\PESC_FPGA\\L2_Ph3_L2_Ph3\\L2_Ph3_L2_Ph3.sdk\\webtalk\\usage_statistics_ext_sdk.html -wdm C:\\Programming\\PESC_FPGA\\L2_Ph3_L2_Ph3\\L2_Ph3_L2_Ph3.sdk\\webtalk\\sdk_webtalk.wdm -intro "<H3>SDK Usage Report</H3><BR>"
# webtalk_terminate
INFO: [Common 17-206] Exiting Webtalk at Fri Jun 19 00:43:29 2020...
